Ensuring shared CSS...
FETCH hoe-een-fysiek-luxecasino-eruit-zou-zien-in-de-nederlandse-designtraditie
FETCH is-jouw-natuurstenen-vloer-toe-aan-een-opknapbeurt-zo-regel-je-dat
FETCH materialen-voor-een-moderne-keuken-die-stijl-en-gebruiksgemak-combineren
FETCH led-strip-veelzijdige-verlichting-voor-elk-interieur-en-elke-toepassing
FETCH michael-brouwer-vriendin
FETCH bas-sibum-vriendin
OK led-strip-veelzijdige-verlichting-voor-elk-interieur-en-elke-toepassing
FETCH welke-wandpanelen-kies-je-waar-de-complete-keuzegids-voor-je-huis
OK michael-brouwer-vriendin
OK materialen-voor-een-moderne-keuken-die-stijl-en-gebruiksgemak-combineren
FETCH waarom-steeds-meer-mensen-kiezen-voor-een-ergosofa-comfort-bank
OK bas-sibum-vriendin
FETCH hoe-neotenic-design-balans-brengt-in-moderne-woonruimtes
OK is-jouw-natuurstenen-vloer-toe-aan-een-opknapbeurt-zo-regel-je-dat
FETCH waarom-de-woonkamer-zonder-banken-trend-steeds-populairder-wordt
FETCH elektrowarmer-gebruiken-in-huis-tips-voor-veilig-en-efficient-verwarmen
OK welke-wandpanelen-kies-je-waar-de-complete-keuzegids-voor-je-huis
FETCH slimspiegel-correct-installeren-stappen-en-veelgemaakte-fouten
OK hoe-neotenic-design-balans-brengt-in-moderne-woonruimtes
OK waarom-de-woonkamer-zonder-banken-trend-steeds-populairder-wordt
FETCH de-bijkeuken-verbouwen-zo-haal-je-het-maximale-uit-deze-ruimte
FETCH transparantie-in-het-interieurplan-de-waarde-van-een-hoogwaardige-basis
OK de-bijkeuken-verbouwen-zo-haal-je-het-maximale-uit-deze-ruimte
FETCH de-esthetiek-van-de-naadloze-ruimte
OK waarom-steeds-meer-mensen-kiezen-voor-een-ergosofa-comfort-bank
FETCH de-finishing-touch-5-tips-voor-het-schilderen-van-plinten-en-architraven
OK transparantie-in-het-interieurplan-de-waarde-van-een-hoogwaardige-basis
OK de-esthetiek-van-de-naadloze-ruimteFETCH waarom-fysieke-woonwinkels-relevant-blijven

OK de-finishing-touch-5-tips-voor-het-schilderen-van-plinten-en-architraven
FETCH ontdek-de-kracht-van-hoogwaardige-vloerisolatie
OK slimspiegel-correct-installeren-stappen-en-veelgemaakte-fouten
FETCH gino-bosz-vriendin
FETCH boyan-ephraim-vriendin
OK gino-bosz-vriendin
OK waarom-fysieke-woonwinkels-relevant-blijven
FETCH stefan-bleeker-vriendin
FETCH budgetvriendelijk-je-huis-inrichten
OK boyan-ephraim-vriendin
FETCH de-strijd-om-aandacht-in-de-muziekindustrie
OK stefan-bleeker-vriendin
OK elektrowarmer-gebruiken-in-huis-tips-voor-veilig-en-efficient-verwarmen
FETCH hoe-je-te-werk-gaat-bij-het-inrichten-van-het-interieur-van-je-huis
SKIP https://interieuradviespunt.nl/wp-content/uploads/2026/07/clay-banks-TiusMwLsRyM-unsplash-1536x1024.jpg: Failed download: https://interieuradviespunt.nl/wp-content/uploads/2026/07/clay-banks-TiusMwLsRyM-unsplash-1536x1024.jpg
OK hoe-je-te-werk-gaat-bij-het-inrichten-van-het-interieur-van-je-huis
FETCH hoe-muzieklabels-artiesten-promoten-in-het-digitale-tijdperk
OK ontdek-de-kracht-van-hoogwaardige-vloerisolatie
FETCH hoe-je-dansvideos-viraal-maakt-op-tiktok
OK de-strijd-om-aandacht-in-de-muziekindustrie
FETCH tips-voor-het-maken-van-educatieve-videos-op-tiktok
FETCH interieur-advies-garage
OK budgetvriendelijk-je-huis-inrichten
OK hoe-muzieklabels-artiesten-promoten-in-het-digitale-tijdperk
FETCH interieur-trends-in-de-verre-toekomst
FETCH stofferingszaak-vakmanschap-voor-een-stijlvol-interieur
OK hoe-je-dansvideos-viraal-maakt-op-tiktok
OK tips-voor-het-maken-van-educatieve-videos-op-tiktok
FETCH de-rol-van-een-interieurinrichter-in-het-creeren-van-sfeervolle-ruimtes
OK interieur-advies-garage
FETCH de-belangrijke-rol-van-een-bouwbedrijf-in-de-moderne-samenleving
OK stofferingszaak-vakmanschap-voor-een-stijlvol-interieur
FETCH het-kopen-van-youtube-abonnees
FETCH het-belang-van-echte-actieve-snapchat-views
OK de-rol-van-een-interieurinrichter-in-het-creeren-van-sfeervolle-ruimtes
OK de-belangrijke-rol-van-een-bouwbedrijf-in-de-moderne-samenleving
FETCH verticale-dorpen-voordelen
OK interieur-trends-in-de-verre-toekomst
FETCH duale-boekenkast-inrichten
OK het-kopen-van-youtube-abonnees
FETCH ervaring-met-alada-afzuigsysteem
OK duale-boekenkast-inrichten
FETCH zelfreinigend-doucheputje-voordelen
FETCH rolluik-met-windpaneel-ervaring
OK het-belang-van-echte-actieve-snapchat-views
FETCH hoe-koop-je-live-kijkers-voor-tiktok
OK verticale-dorpen-voordelen
OK ervaring-met-alada-afzuigsysteem
FETCH stijl-en-comfort-voor-elk-huis
OK zelfreinigend-doucheputje-voordelen
FETCH stijlvol-wonen-ontdek-ons-unieke-interieurdesign
OK rolluik-met-windpaneel-ervaring
FETCH antiekwinkel-uw-specialist-in-engelse-antiekboekenkasten-bureaus-en-meubels
OK stijl-en-comfort-voor-elk-huis
FETCH de-perfecte-vakantie-interieurschilder-behang-specialist-voor-een-verfrissend-thuis
FETCH decoratie-boven-bed
OK antiekwinkel-uw-specialist-in-engelse-antiekboekenkasten-bureaus-en-meubels
FETCH bruin-interieur-woonkamer
OK stijlvol-wonen-ontdek-ons-unieke-interieurdesign
FETCH vochtproblemen-in-huis-wat-doe-je-eraan
OK de-perfecte-vakantie-interieurschilder-behang-specialist-voor-een-verfrissend-thuis
OK bruin-interieur-woonkamer
FETCH is-de-dropplant-eetbaar
FETCH renovlies-behang-aanbrengenOK decoratie-boven-bed

OK vochtproblemen-in-huis-wat-doe-je-eraan
FETCH hoe-instagram-volgers-te-vergroten
OK hoe-instagram-volgers-te-vergroten
FETCH het-kopen-van-youtube-views
OK renovlies-behang-aanbrengen
FETCH tiktok-en-cyberveiligheid
FETCH realiseer-jouw-droominterieur
OK is-de-dropplant-eetbaar
OK het-kopen-van-youtube-views
FETCH goedkope-waterbesparende-regendouche
OK tiktok-en-cyberveiligheid
FETCH transformeer-jouw-werkplek-thuis-met-deze-tips
OK hoe-koop-je-live-kijkers-voor-tiktok
FETCH wat-is-een-hostel
OK goedkope-waterbesparende-regendouche
FETCH wat-is-een-neuroloog
OK wat-is-een-hostel
FETCH wat-is-een-dm
OK transformeer-jouw-werkplek-thuis-met-deze-tips
FETCH wat-is-een-betoog
OK wat-is-een-neuroloog
FETCH wat-betekent-idk
OK wat-is-een-dm
FETCH wat-doet-een-manueel-therapeut
FETCH ruimtebesparende-oplossing-een-test-van-muurbevestigde-droogrekken
OK realiseer-jouw-droominterieur
FETCH ruimtebesparende-opklapbedden-voor-2-personen-praktische-oplossingen-voor-kleine-ruimtes
OK wat-betekent-idk
OK wat-is-een-betoog
FETCH het-belang-van-een-dierenhoofd-in-onze-cultuur-en-samenleving
OK wat-doet-een-manueel-therapeut
FETCH de-magie-van-de-spreuktegel-een-terugblik-op-een-eeuwenoude-traditie
FETCH het-belang-van-tekstborden-in-de-hedendaagse-samenleving
OK ruimtebesparende-oplossing-een-test-van-muurbevestigde-droogrekken
OK het-belang-van-een-dierenhoofd-in-onze-cultuur-en-samenleving
FETCH de-tijdloze-schoonheid-van-wandkleden
OK ruimtebesparende-opklapbedden-voor-2-personen-praktische-oplossingen-voor-kleine-ruimtes
FETCH de-veelzijdigheid-van-een-bijzettafel
OK de-magie-van-de-spreuktegel-een-terugblik-op-een-eeuwenoude-traditie
FETCH kies-het-perfecte-tv-meubel-voor-jouw-entertainmentruimte
OK het-belang-van-tekstborden-in-de-hedendaagse-samenleving
OK de-tijdloze-schoonheid-van-wandkleden
OK de-veelzijdigheid-van-een-bijzettafel
OK kies-het-perfecte-tv-meubel-voor-jouw-entertainmentruimte
Done: 69/69 pages. Failed: []
